-------------------------------------------------------------------------------
Test set: CalculatorTest
-------------------------------------------------------------------------------
Tests run: 8, Failures: 0, Errors: 1, Skipped: 0, Time elapsed: 0.039 sec <<< FAILURE!
fibonacciTest(CalculatorTest)  Time elapsed: 0.014 sec  <<< ERROR!
java.lang.StackOverflowError
	at Calculator.fibonacciNumberFinder(Calculator.java:49)
	at Calculator.fibonacciNumberFinder(Calculator.java:49)
	at Calculator.fibonacciNumberFinder(Calculator.java:49)
	at Calculator.fibonacciNumberFinder(Calculator.java:49)
	at Calculator.fibonacciNumberFinder(Calculator.java:49)
	at Calculator.fibonacciNumberFinder(Calculator.java:49)
	at Calculator.fibonacciNumberFinder(Calculator.java:49)
	at Calculator.fibonacciNumberFinder(Calculator.java:49)
	at Calculator.fibonacciNumberFinder(Calculator.java:49)
	at Calculator.fibonacciNumberFinder(Calculator.java:49)
	at Calculator.fibonacciNumberFinder(Calculator.java:49)
	at Calculator.fibonacciNumberFinder(Calculator.java:49)
	at Calculator.fibonacciNumberFinder(Calculator.java:49)
	at Calculator.fibonacciNumberFinder(Calculator.java:49)
	at Calculator.fibonacciNumberFinder(Calculator.java:49)
	at Calculator.fibonacciNumberFinder(Calculator.java:49)
	at Calculator.fibonacciNumberFinder(Calculator.java:49)
	at Calculator.fibonacciNumberFinder(Calculator.java:49)
	at Calculator.fibonacciNumberFinder(Calculator.java:49)
	at Calculator.fibonacciNumberFinder(Calculator.java:49)
	at Calculator.fibonacciNumberFinder(Calculator.java:49)
	at Calculator.fibonacciNumberFinder(Calculator.java:49)
	at Calculator.fibonacciNumberFinder(Calculator.java:49)
	at Calculator.fibonacciNumberFinder(Calculator.java:49)
	at Calculator.fibonacciNumberFinder(Calculator.java:49)
	at Calculator.fibonacciNumberFinder(Calculator.java:49)
	at Calculator.fibonacciNumberFinder(Calculator.java:49)
	at Calculator.fibonacciNumberFinder(Calculator.java:49)
	at Calculator.fibonacciNumberFinder(Calculator.java:49)
	at Calculator.fibonacciNumberFinder(Calculator.java:49)
	at Calculator.fibonacciNumberFinder(Calculator.java:49)
	at Calculator.fibonacciNumberFinder(Calculator.java:49)
	at Calculator.fibonacciNumberFinder(Calculator.java:49)
	at Calculator.fibonacciNumberFinder(Calculator.java:49)
	at Calculator.fibonacciNumberFinder(Calculator.java:49)
	at Calculator.fibonacciNumberFinder(Calculator.java:49)
	at Calculator.fibonacciNumberFinder(Calculator.java:49)
	at Calculator.fibonacciNumberFinder(Calculator.java:49)
	at Calculator.fibonacciNumberFinder(Calculator.java:49)
	at Calculator.fibonacciNumberFinder(Calculator.java:49)
	at Calculator.fibonacciNumberFinder(Calculator.java:49)
	at Calculator.fibonacciNumberFinder(Calculator.java:49)
	at Calculator.fibonacciNumberFinder(Calculator.java:49)
	at Calculator.fibonacciNumberFinder(Calculator.java:49)
	at Calculator.fibonacciNumberFinder(Calculator.java:49)
	at Calculator.fibonacciNumberFinder(Calculator.java:49)
	at Calculator.fibonacciNumberFinder(Calculator.java:49)
	at Calculator.fibonacciNumberFinder(Calculator.java:49)
	at Calculator.fibonacciNumberFinder(Calculator.java:49)
	at Calculator.fibonacciNumberFinder(Calculator.java:49)
	at Calculator.fibonacciNumberFinder(Calculator.java:49)
	at Calculator.fibonacciNumberFinder(Calculator.java:49)
	at Calculator.fibonacciNumberFinder(Calculator.java:49)
	at Calculator.fibonacciNumberFinder(Calculator.java:49)
	at Calculator.fibonacciNumberFinder(Calculator.java:49)
	at Calculator.fibonacciNumberFinder(Calculator.java:49)
	at Calculator.fibonacciNumberFinder(Calculator.java:49)
	at Calculator.fibonacciNumberFinder(Calculator.java:49)
	at Calculator.fibonacciNumberFinder(Calculator.java:49)
	at Calculator.fibonacciNumberFinder(Calculator.java:49)
	at Calculator.fibonacciNumberFinder(Calculator.java:49)
	at Calculator.fibonacciNumberFinder(Calculator.java:49)
	at Calculator.fibonacciNumberFinder(Calculator.java:49)
	at Calculator.fibonacciNumberFinder(Calculator.java:49)
	at Calculator.fibonacciNumberFinder(Calculator.java:49)
	at Calculator.fibonacciNumberFinder(Calculator.java:49)
	at Calculator.fibonacciNumberFinder(Calculator.java:49)
	at Calculator.fibonacciNumberFinder(Calculator.java:49)
	at Calculator.fibonacciNumberFinder(Calculator.java:49)
	at Calculator.fibonacciNumberFinder(Calculator.java:49)
	at Calculator.fibonacciNumberFinder(Calculator.java:49)
	at Calculator.fibonacciNumberFinder(Calculator.java:49)
	at Calculator.fibonacciNumberFinder(Calculator.java:49)
	at Calculator.fibonacciNumberFinder(Calculator.java:49)
	at Calculator.fibonacciNumberFinder(Calculator.java:49)
	at Calculator.fibonacciNumberFinder(Calculator.java:49)
	at Calculator.fibonacciNumberFinder(Calculator.java:49)
	at Calculator.fibonacciNumberFinder(Calculator.java:49)
	at Calculator.fibonacciNumberFinder(Calculator.java:49)
	at Calculator.fibonacciNumberFinder(Calculator.java:49)
	at Calculator.fibonacciNumberFinder(Calculator.java:49)
	at Calculator.fibonacciNumberFinder(Calculator.java:49)
	at Calculator.fibonacciNumberFinder(Calculator.java:49)
	at Calculator.fibonacciNumberFinder(Calculator.java:49)
	at Calculator.fibonacciNumberFinder(Calculator.java:49)
	at Calculator.fibonacciNumberFinder(Calculator.java:49)
	at Calculator.fibonacciNumberFinder(Calculator.java:49)
	at Calculator.fibonacciNumberFinder(Calculator.java:49)
	at Calculator.fibonacciNumberFinder(Calculator.java:49)
	at Calculator.fibonacciNumberFinder(Calculator.java:49)
	at Calculator.fibonacciNumberFinder(Calculator.java:49)
	at Calculator.fibonacciNumberFinder(Calculator.java:49)
	at Calculator.fibonacciNumberFinder(Calculator.java:49)
	at Calculator.fibonacciNumberFinder(Calculator.java:49)
	at Calculator.fibonacciNumberFinder(Calculator.java:49)
	at Calculator.fibonacciNumberFinder(Calculator.java:49)
	at Calculator.fibonacciNumberFinder(Calculator.java:49)
	at Calculator.fibonacciNumberFinder(Calculator.java:49)
	at Calculator.fibonacciNumberFinder(Calculator.java:49)
	at Calculator.fibonacciNumberFinder(Calculator.java:49)
	at Calculator.fibonacciNumberFinder(Calculator.java:49)
	at Calculator.fibonacciNumberFinder(Calculator.java:49)
	at Calculator.fibonacciNumberFinder(Calculator.java:49)
	at Calculator.fibonacciNumberFinder(Calculator.java:49)
	at Calculator.fibonacciNumberFinder(Calculator.java:49)
	at Calculator.fibonacciNumberFinder(Calculator.java:49)
	at Calculator.fibonacciNumberFinder(Calculator.java:49)
	at Calculator.fibonacciNumberFinder(Calculator.java:49)
	at Calculator.fibonacciNumberFinder(Calculator.java:49)
	at Calculator.fibonacciNumberFinder(Calculator.java:49)
	at Calculator.fibonacciNumberFinder(Calculator.java:49)
	at Calculator.fibonacciNumberFinder(Calculator.java:49)
	at Calculator.fibonacciNumberFinder(Calculator.java:49)
	at Calculator.fibonacciNumberFinder(Calculator.java:49)
	at Calculator.fibonacciNumberFinder(Calculator.java:49)
	at Calculator.fibonacciNumberFinder(Calculator.java:49)
	at Calculator.fibonacciNumberFinder(Calculator.java:49)
	at Calculator.fibonacciNumberFinder(Calculator.java:49)
	at Calculator.fibonacciNumberFinder(Calculator.java:49)
	at Calculator.fibonacciNumberFinder(Calculator.java:49)
	at Calculator.fibonacciNumberFinder(Calculator.java:49)
	at Calculator.fibonacciNumberFinder(Calculator.java:49)
	at Calculator.fibonacciNumberFinder(Calculator.java:49)
	at Calculator.fibonacciNumberFinder(Calculator.java:49)
	at Calculator.fibonacciNumberFinder(Calculator.java:49)
	at Calculator.fibonacciNumberFinder(Calculator.java:49)
	at Calculator.fibonacciNumberFinder(Calculator.java:49)
	at Calculator.fibonacciNumberFinder(Calculator.java:49)
	at Calculator.fibonacciNumberFinder(Calculator.java:49)
	at Calculator.fibonacciNumberFinder(Calculator.java:49)
	at Calculator.fibonacciNumberFinder(Calculator.java:49)
	at Calculator.fibonacciNumberFinder(Calculator.java:49)
	at Calculator.fibonacciNumberFinder(Calculator.java:49)
	at Calculator.fibonacciNumberFinder(Calculator.java:49)
	at Calculator.fibonacciNumberFinder(Calculator.java:49)
	at Calculator.fibonacciNumberFinder(Calculator.java:49)
	at Calculator.fibonacciNumberFinder(Calculator.java:49)
	at Calculator.fibonacciNumberFinder(Calculator.java:49)
	at Calculator.fibonacciNumberFinder(Calculator.java:49)
	at Calculator.fibonacciNumberFinder(Calculator.java:49)
	at Calculator.fibonacciNumberFinder(Calculator.java:49)
	at Calculator.fibonacciNumberFinder(Calculator.java:49)
	at Calculator.fibonacciNumberFinder(Calculator.java:49)
	at Calculator.fibonacciNumberFinder(Calculator.java:49)
	at Calculator.fibonacciNumberFinder(Calculator.java:49)
	at Calculator.fibonacciNumberFinder(Calculator.java:49)
	at Calculator.fibonacciNumberFinder(Calculator.java:49)
	at Calculator.fibonacciNumberFinder(Calculator.java:49)
	at Calculator.fibonacciNumberFinder(Calculator.java:49)
	at Calculator.fibonacciNumberFinder(Calculator.java:49)
	at Calculator.fibonacciNumberFinder(Calculator.java:49)
	at Calculator.fibonacciNumberFinder(Calculator.java:49)
	at Calculator.fibonacciNumberFinder(Calculator.java:49)
	at Calculator.fibonacciNumberFinder(Calculator.java:49)
	at Calculator.fibonacciNumberFinder(Calculator.java:49)
	at Calculator.fibonacciNumberFinder(Calculator.java:49)
	at Calculator.fibonacciNumberFinder(Calculator.java:49)
	at Calculator.fibonacciNumberFinder(Calculator.java:49)
	at Calculator.fibonacciNumberFinder(Calculator.java:49)
	at Calculator.fibonacciNumberFinder(Calculator.java:49)
	at Calculator.fibonacciNumberFinder(Calculator.java:49)
	at Calculator.fibonacciNumberFinder(Calculator.java:49)
	at Calculator.fibonacciNumberFinder(Calculator.java:49)
	at Calculator.fibonacciNumberFinder(Calculator.java:49)
	at Calculator.fibonacciNumberFinder(Calculator.java:49)
	at Calculator.fibonacciNumberFinder(Calculator.java:49)
	at Calculator.fibonacciNumberFinder(Calculator.java:49)
	at Calculator.fibonacciNumberFinder(Calculator.java:49)
	at Calculator.fibonacciNumberFinder(Calculator.java:49)
	at Calculator.fibonacciNumberFinder(Calculator.java:49)
	at Calculator.fibonacciNumberFinder(Calculator.java:49)
	at Calculator.fibonacciNumberFinder(Calculator.java:49)
	at Calculator.fibonacciNumberFinder(Calculator.java:49)
	at Calculator.fibonacciNumberFinder(Calculator.java:49)
	at Calculator.fibonacciNumberFinder(Calculator.java:49)
	at Calculator.fibonacciNumberFinder(Calculator.java:49)
	at Calculator.fibonacciNumberFinder(Calculator.java:49)
	at Calculator.fibonacciNumberFinder(Calculator.java:49)
	at Calculator.fibonacciNumberFinder(Calculator.java:49)
	at Calculator.fibonacciNumberFinder(Calculator.java:49)
	at Calculator.fibonacciNumberFinder(Calculator.java:49)
	at Calculator.fibonacciNumberFinder(Calculator.java:49)
	at Calculator.fibonacciNumberFinder(Calculator.java:49)
	at Calculator.fibonacciNumberFinder(Calculator.java:49)
	at Calculator.fibonacciNumberFinder(Calculator.java:49)
	at Calculator.fibonacciNumberFinder(Calculator.java:49)
	at Calculator.fibonacciNumberFinder(Calculator.java:49)
	at Calculator.fibonacciNumberFinder(Calculator.java:49)
	at Calculator.fibonacciNumberFinder(Calculator.java:49)
	at Calculator.fibonacciNumberFinder(Calculator.java:49)
	at Calculator.fibonacciNumberFinder(Calculator.java:49)
	at Calculator.fibonacciNumberFinder(Calculator.java:49)
	at Calculator.fibonacciNumberFinder(Calculator.java:49)
	at Calculator.fibonacciNumberFinder(Calculator.java:49)
	at Calculator.fibonacciNumberFinder(Calculator.java:49)
	at Calculator.fibonacciNumberFinder(Calculator.java:49)
	at Calculator.fibonacciNumberFinder(Calculator.java:49)
	at Calculator.fibonacciNumberFinder(Calculator.java:49)
	at Calculator.fibonacciNumberFinder(Calculator.java:49)
	at Calculator.fibonacciNumberFinder(Calculator.java:49)
	at Calculator.fibonacciNumberFinder(Calculator.java:49)
	at Calculator.fibonacciNumberFinder(Calculator.java:49)
	at Calculator.fibonacciNumberFinder(Calculator.java:49)
	at Calculator.fibonacciNumberFinder(Calculator.java:49)
	at Calculator.fibonacciNumberFinder(Calculator.java:49)
	at Calculator.fibonacciNumberFinder(Calculator.java:49)
	at Calculator.fibonacciNumberFinder(Calculator.java:49)
	at Calculator.fibonacciNumberFinder(Calculator.java:49)
	at Calculator.fibonacciNumberFinder(Calculator.java:49)
	at Calculator.fibonacciNumberFinder(Calculator.java:49)
	at Calculator.fibonacciNumberFinder(Calculator.java:49)
	at Calculator.fibonacciNumberFinder(Calculator.java:49)
	at Calculator.fibonacciNumberFinder(Calculator.java:49)
	at Calculator.fibonacciNumberFinder(Calculator.java:49)
	at Calculator.fibonacciNumberFinder(Calculator.java:49)
	at Calculator.fibonacciNumberFinder(Calculator.java:49)
	at Calculator.fibonacciNumberFinder(Calculator.java:49)
	at Calculator.fibonacciNumberFinder(Calculator.java:49)
	at Calculator.fibonacciNumberFinder(Calculator.java:49)
	at Calculator.fibonacciNumberFinder(Calculator.java:49)
	at Calculator.fibonacciNumberFinder(Calculator.java:49)
	at Calculator.fibonacciNumberFinder(Calculator.java:49)
	at Calculator.fibonacciNumberFinder(Calculator.java:49)
	at Calculator.fibonacciNumberFinder(Calculator.java:49)
	at Calculator.fibonacciNumberFinder(Calculator.java:49)
	at Calculator.fibonacciNumberFinder(Calculator.java:49)
	at Calculator.fibonacciNumberFinder(Calculator.java:49)
	at Calculator.fibonacciNumberFinder(Calculator.java:49)
	at Calculator.fibonacciNumberFinder(Calculator.java:49)
	at Calculator.fibonacciNumberFinder(Calculator.java:49)
	at Calculator.fibonacciNumberFinder(Calculator.java:49)
	at Calculator.fibonacciNumberFinder(Calculator.java:49)
	at Calculator.fibonacciNumberFinder(Calculator.java:49)
	at Calculator.fibonacciNumberFinder(Calculator.java:49)
	at Calculator.fibonacciNumberFinder(Calculator.java:49)
	at Calculator.fibonacciNumberFinder(Calculator.java:49)
	at Calculator.fibonacciNumberFinder(Calculator.java:49)
	at Calculator.fibonacciNumberFinder(Calculator.java:49)
	at Calculator.fibonacciNumberFinder(Calculator.java:49)
	at Calculator.fibonacciNumberFinder(Calculator.java:49)
	at Calculator.fibonacciNumberFinder(Calculator.java:49)
	at Calculator.fibonacciNumberFinder(Calculator.java:49)
	at Calculator.fibonacciNumberFinder(Calculator.java:49)
	at Calculator.fibonacciNumberFinder(Calculator.java:49)
	at Calculator.fibonacciNumberFinder(Calculator.java:49)
	at Calculator.fibonacciNumberFinder(Calculator.java:49)
	at Calculator.fibonacciNumberFinder(Calculator.java:49)
	at Calculator.fibonacciNumberFinder(Calculator.java:49)
	at Calculator.fibonacciNumberFinder(Calculator.java:49)
	at Calculator.fibonacciNumberFinder(Calculator.java:49)
	at Calculator.fibonacciNumberFinder(Calculator.java:49)
	at Calculator.fibonacciNumberFinder(Calculator.java:49)
	at Calculator.fibonacciNumberFinder(Calculator.java:49)
	at Calculator.fibonacciNumberFinder(Calculator.java:49)
	at Calculator.fibonacciNumberFinder(Calculator.java:49)
	at Calculator.fibonacciNumberFinder(Calculator.java:49)
	at Calculator.fibonacciNumberFinder(Calculator.java:49)
	at Calculator.fibonacciNumberFinder(Calculator.java:49)
	at Calculator.fibonacciNumberFinder(Calculator.java:49)
	at Calculator.fibonacciNumberFinder(Calculator.java:49)
	at Calculator.fibonacciNumberFinder(Calculator.java:49)
	at Calculator.fibonacciNumberFinder(Calculator.java:49)
	at Calculator.fibonacciNumberFinder(Calculator.java:49)
	at Calculator.fibonacciNumberFinder(Calculator.java:49)
	at Calculator.fibonacciNumberFinder(Calculator.java:49)
	at Calculator.fibonacciNumberFinder(Calculator.java:49)
	at Calculator.fibonacciNumberFinder(Calculator.java:49)
	at Calculator.fibonacciNumberFinder(Calculator.java:49)
	at Calculator.fibonacciNumberFinder(Calculator.java:49)
	at Calculator.fibonacciNumberFinder(Calculator.java:49)
	at Calculator.fibonacciNumberFinder(Calculator.java:49)
	at Calculator.fibonacciNumberFinder(Calculator.java:49)
	at Calculator.fibonacciNumberFinder(Calculator.java:49)
	at Calculator.fibonacciNumberFinder(Calculator.java:49)
	at Calculator.fibonacciNumberFinder(Calculator.java:49)
	at Calculator.fibonacciNumberFinder(Calculator.java:49)
	at Calculator.fibonacciNumberFinder(Calculator.java:49)
	at Calculator.fibonacciNumberFinder(Calculator.java:49)
	at Calculator.fibonacciNumberFinder(Calculator.java:49)
	at Calculator.fibonacciNumberFinder(Calculator.java:49)
	at Calculator.fibonacciNumberFinder(Calculator.java:49)
	at Calculator.fibonacciNumberFinder(Calculator.java:49)
	at Calculator.fibonacciNumberFinder(Calculator.java:49)
	at Calculator.fibonacciNumberFinder(Calculator.java:49)
	at Calculator.fibonacciNumberFinder(Calculator.java:49)
	at Calculator.fibonacciNumberFinder(Calculator.java:49)
	at Calculator.fibonacciNumberFinder(Calculator.java:49)
	at Calculator.fibonacciNumberFinder(Calculator.java:49)
	at Calculator.fibonacciNumberFinder(Calculator.java:49)
	at Calculator.fibonacciNumberFinder(Calculator.java:49)
	at Calculator.fibonacciNumberFinder(Calculator.java:49)
	at Calculator.fibonacciNumberFinder(Calculator.java:49)
	at Calculator.fibonacciNumberFinder(Calculator.java:49)
	at Calculator.fibonacciNumberFinder(Calculator.java:49)
	at Calculator.fibonacciNumberFinder(Calculator.java:49)
	at Calculator.fibonacciNumberFinder(Calculator.java:49)
	at Calculator.fibonacciNumberFinder(Calculator.java:49)
	at Calculator.fibonacciNumberFinder(Calculator.java:49)
	at Calculator.fibonacciNumberFinder(Calculator.java:49)
	at Calculator.fibonacciNumberFinder(Calculator.java:49)
	at Calculator.fibonacciNumberFinder(Calculator.java:49)
	at Calculator.fibonacciNumberFinder(Calculator.java:49)
	at Calculator.fibonacciNumberFinder(Calculator.java:49)
	at Calculator.fibonacciNumberFinder(Calculator.java:49)
	at Calculator.fibonacciNumberFinder(Calculator.java:49)
	at Calculator.fibonacciNumberFinder(Calculator.java:49)
	at Calculator.fibonacciNumberFinder(Calculator.java:49)
	at Calculator.fibonacciNumberFinder(Calculator.java:49)
	at Calculator.fibonacciNumberFinder(Calculator.java:49)
	at Calculator.fibonacciNumberFinder(Calculator.java:49)
	at Calculator.fibonacciNumberFinder(Calculator.java:49)
	at Calculator.fibonacciNumberFinder(Calculator.java:49)
	at Calculator.fibonacciNumberFinder(Calculator.java:49)
	at Calculator.fibonacciNumberFinder(Calculator.java:49)
	at Calculator.fibonacciNumberFinder(Calculator.java:49)
	at Calculator.fibonacciNumberFinder(Calculator.java:49)
	at Calculator.fibonacciNumberFinder(Calculator.java:49)
	at Calculator.fibonacciNumberFinder(Calculator.java:49)
	at Calculator.fibonacciNumberFinder(Calculator.java:49)
	at Calculator.fibonacciNumberFinder(Calculator.java:49)
	at Calculator.fibonacciNumberFinder(Calculator.java:49)
	at Calculator.fibonacciNumberFinder(Calculator.java:49)
	at Calculator.fibonacciNumberFinder(Calculator.java:49)
	at Calculator.fibonacciNumberFinder(Calculator.java:49)
	at Calculator.fibonacciNumberFinder(Calculator.java:49)
	at Calculator.fibonacciNumberFinder(Calculator.java:49)
	at Calculator.fibonacciNumberFinder(Calculator.java:49)
	at Calculator.fibonacciNumberFinder(Calculator.java:49)
	at Calculator.fibonacciNumberFinder(Calculator.java:49)
	at Calculator.fibonacciNumberFinder(Calculator.java:49)
	at Calculator.fibonacciNumberFinder(Calculator.java:49)
	at Calculator.fibonacciNumberFinder(Calculator.java:49)
	at Calculator.fibonacciNumberFinder(Calculator.java:49)
	at Calculator.fibonacciNumberFinder(Calculator.java:49)
	at Calculator.fibonacciNumberFinder(Calculator.java:49)
	at Calculator.fibonacciNumberFinder(Calculator.java:49)
	at Calculator.fibonacciNumberFinder(Calculator.java:49)
	at Calculator.fibonacciNumberFinder(Calculator.java:49)
	at Calculator.fibonacciNumberFinder(Calculator.java:49)
	at Calculator.fibonacciNumberFinder(Calculator.java:49)
	at Calculator.fibonacciNumberFinder(Calculator.java:49)
	at Calculator.fibonacciNumberFinder(Calculator.java:49)
	at Calculator.fibonacciNumberFinder(Calculator.java:49)
	at Calculator.fibonacciNumberFinder(Calculator.java:49)
	at Calculator.fibonacciNumberFinder(Calculator.java:49)
	at Calculator.fibonacciNumberFinder(Calculator.java:49)
	at Calculator.fibonacciNumberFinder(Calculator.java:49)
	at Calculator.fibonacciNumberFinder(Calculator.java:49)
	at Calculator.fibonacciNumberFinder(Calculator.java:49)
	at Calculator.fibonacciNumberFinder(Calculator.java:49)
	at Calculator.fibonacciNumberFinder(Calculator.java:49)
	at Calculator.fibonacciNumberFinder(Calculator.java:49)
	at Calculator.fibonacciNumberFinder(Calculator.java:49)
	at Calculator.fibonacciNumberFinder(Calculator.java:49)
	at Calculator.fibonacciNumberFinder(Calculator.java:49)
	at Calculator.fibonacciNumberFinder(Calculator.java:49)
	at Calculator.fibonacciNumberFinder(Calculator.java:49)
	at Calculator.fibonacciNumberFinder(Calculator.java:49)
	at Calculator.fibonacciNumberFinder(Calculator.java:49)
	at Calculator.fibonacciNumberFinder(Calculator.java:49)
	at Calculator.fibonacciNumberFinder(Calculator.java:49)
	at Calculator.fibonacciNumberFinder(Calculator.java:49)
	at Calculator.fibonacciNumberFinder(Calculator.java:49)
	at Calculator.fibonacciNumberFinder(Calculator.java:49)
	at Calculator.fibonacciNumberFinder(Calculator.java:49)
	at Calculator.fibonacciNumberFinder(Calculator.java:49)
	at Calculator.fibonacciNumberFinder(Calculator.java:49)
	at Calculator.fibonacciNumberFinder(Calculator.java:49)
	at Calculator.fibonacciNumberFinder(Calculator.java:49)
	at Calculator.fibonacciNumberFinder(Calculator.java:49)
	at Calculator.fibonacciNumberFinder(Calculator.java:49)
	at Calculator.fibonacciNumberFinder(Calculator.java:49)
	at Calculator.fibonacciNumberFinder(Calculator.java:49)
	at Calculator.fibonacciNumberFinder(Calculator.java:49)
	at Calculator.fibonacciNumberFinder(Calculator.java:49)
	at Calculator.fibonacciNumberFinder(Calculator.java:49)
	at Calculator.fibonacciNumberFinder(Calculator.java:49)
	at Calculator.fibonacciNumberFinder(Calculator.java:49)
	at Calculator.fibonacciNumberFinder(Calculator.java:49)
	at Calculator.fibonacciNumberFinder(Calculator.java:49)
	at Calculator.fibonacciNumberFinder(Calculator.java:49)
	at Calculator.fibonacciNumberFinder(Calculator.java:49)
	at Calculator.fibonacciNumberFinder(Calculator.java:49)
	at Calculator.fibonacciNumberFinder(Calculator.java:49)
	at Calculator.fibonacciNumberFinder(Calculator.java:49)
	at Calculator.fibonacciNumberFinder(Calculator.java:49)
	at Calculator.fibonacciNumberFinder(Calculator.java:49)
	at Calculator.fibonacciNumberFinder(Calculator.java:49)
	at Calculator.fibonacciNumberFinder(Calculator.java:49)
	at Calculator.fibonacciNumberFinder(Calculator.java:49)
	at Calculator.fibonacciNumberFinder(Calculator.java:49)
	at Calculator.fibonacciNumberFinder(Calculator.java:49)
	at Calculator.fibonacciNumberFinder(Calculator.java:49)
	at Calculator.fibonacciNumberFinder(Calculator.java:49)
	at Calculator.fibonacciNumberFinder(Calculator.java:49)
	at Calculator.fibonacciNumberFinder(Calculator.java:49)
	at Calculator.fibonacciNumberFinder(Calculator.java:49)
	at Calculator.fibonacciNumberFinder(Calculator.java:49)
	at Calculator.fibonacciNumberFinder(Calculator.java:49)
	at Calculator.fibonacciNumberFinder(Calculator.java:49)
	at Calculator.fibonacciNumberFinder(Calculator.java:49)
	at Calculator.fibonacciNumberFinder(Calculator.java:49)
	at Calculator.fibonacciNumberFinder(Calculator.java:49)
	at Calculator.fibonacciNumberFinder(Calculator.java:49)
	at Calculator.fibonacciNumberFinder(Calculator.java:49)
	at Calculator.fibonacciNumberFinder(Calculator.java:49)
	at Calculator.fibonacciNumberFinder(Calculator.java:49)
	at Calculator.fibonacciNumberFinder(Calculator.java:49)
	at Calculator.fibonacciNumberFinder(Calculator.java:49)
	at Calculator.fibonacciNumberFinder(Calculator.java:49)
	at Calculator.fibonacciNumberFinder(Calculator.java:49)
	at Calculator.fibonacciNumberFinder(Calculator.java:49)
	at Calculator.fibonacciNumberFinder(Calculator.java:49)
	at Calculator.fibonacciNumberFinder(Calculator.java:49)
	at Calculator.fibonacciNumberFinder(Calculator.java:49)
	at Calculator.fibonacciNumberFinder(Calculator.java:49)
	at Calculator.fibonacciNumberFinder(Calculator.java:49)
	at Calculator.fibonacciNumberFinder(Calculator.java:49)
	at Calculator.fibonacciNumberFinder(Calculator.java:49)
	at Calculator.fibonacciNumberFinder(Calculator.java:49)
	at Calculator.fibonacciNumberFinder(Calculator.java:49)
	at Calculator.fibonacciNumberFinder(Calculator.java:49)
	at Calculator.fibonacciNumberFinder(Calculator.java:49)
	at Calculator.fibonacciNumberFinder(Calculator.java:49)
	at Calculator.fibonacciNumberFinder(Calculator.java:49)
	at Calculator.fibonacciNumberFinder(Calculator.java:49)
	at Calculator.fibonacciNumberFinder(Calculator.java:49)
	at Calculator.fibonacciNumberFinder(Calculator.java:49)
	at Calculator.fibonacciNumberFinder(Calculator.java:49)
	at Calculator.fibonacciNumberFinder(Calculator.java:49)
	at Calculator.fibonacciNumberFinder(Calculator.java:49)
	at Calculator.fibonacciNumberFinder(Calculator.java:49)
	at Calculator.fibonacciNumberFinder(Calculator.java:49)
	at Calculator.fibonacciNumberFinder(Calculator.java:49)
	at Calculator.fibonacciNumberFinder(Calculator.java:49)
	at Calculator.fibonacciNumberFinder(Calculator.java:49)
	at Calculator.fibonacciNumberFinder(Calculator.java:49)
	at Calculator.fibonacciNumberFinder(Calculator.java:49)
	at Calculator.fibonacciNumberFinder(Calculator.java:49)
	at Calculator.fibonacciNumberFinder(Calculator.java:49)
	at Calculator.fibonacciNumberFinder(Calculator.java:49)
	at Calculator.fibonacciNumberFinder(Calculator.java:49)
	at Calculator.fibonacciNumberFinder(Calculator.java:49)
	at Calculator.fibonacciNumberFinder(Calculator.java:49)
	at Calculator.fibonacciNumberFinder(Calculator.java:49)
	at Calculator.fibonacciNumberFinder(Calculator.java:49)
	at Calculator.fibonacciNumberFinder(Calculator.java:49)
	at Calculator.fibonacciNumberFinder(Calculator.java:49)
	at Calculator.fibonacciNumberFinder(Calculator.java:49)
	at Calculator.fibonacciNumberFinder(Calculator.java:49)
	at Calculator.fibonacciNumberFinder(Calculator.java:49)
	at Calculator.fibonacciNumberFinder(Calculator.java:49)
	at Calculator.fibonacciNumberFinder(Calculator.java:49)
	at Calculator.fibonacciNumberFinder(Calculator.java:49)
	at Calculator.fibonacciNumberFinder(Calculator.java:49)
	at Calculator.fibonacciNumberFinder(Calculator.java:49)
	at Calculator.fibonacciNumberFinder(Calculator.java:49)
	at Calculator.fibonacciNumberFinder(Calculator.java:49)
	at Calculator.fibonacciNumberFinder(Calculator.java:49)
	at Calculator.fibonacciNumberFinder(Calculator.java:49)
	at Calculator.fibonacciNumberFinder(Calculator.java:49)
	at Calculator.fibonacciNumberFinder(Calculator.java:49)
	at Calculator.fibonacciNumberFinder(Calculator.java:49)
	at Calculator.fibonacciNumberFinder(Calculator.java:49)
	at Calculator.fibonacciNumberFinder(Calculator.java:49)
	at Calculator.fibonacciNumberFinder(Calculator.java:49)
	at Calculator.fibonacciNumberFinder(Calculator.java:49)
	at Calculator.fibonacciNumberFinder(Calculator.java:49)
	at Calculator.fibonacciNumberFinder(Calculator.java:49)
	at Calculator.fibonacciNumberFinder(Calculator.java:49)
	at Calculator.fibonacciNumberFinder(Calculator.java:49)
	at Calculator.fibonacciNumberFinder(Calculator.java:49)
	at Calculator.fibonacciNumberFinder(Calculator.java:49)
	at Calculator.fibonacciNumberFinder(Calculator.java:49)
	at Calculator.fibonacciNumberFinder(Calculator.java:49)
	at Calculator.fibonacciNumberFinder(Calculator.java:49)
	at Calculator.fibonacciNumberFinder(Calculator.java:49)
	at Calculator.fibonacciNumberFinder(Calculator.java:49)
	at Calculator.fibonacciNumberFinder(Calculator.java:49)
	at Calculator.fibonacciNumberFinder(Calculator.java:49)
	at Calculator.fibonacciNumberFinder(Calculator.java:49)
	at Calculator.fibonacciNumberFinder(Calculator.java:49)
	at Calculator.fibonacciNumberFinder(Calculator.java:49)
	at Calculator.fibonacciNumberFinder(Calculator.java:49)
	at Calculator.fibonacciNumberFinder(Calculator.java:49)
	at Calculator.fibonacciNumberFinder(Calculator.java:49)
	at Calculator.fibonacciNumberFinder(Calculator.java:49)
	at Calculator.fibonacciNumberFinder(Calculator.java:49)
	at Calculator.fibonacciNumberFinder(Calculator.java:49)
	at Calculator.fibonacciNumberFinder(Calculator.java:49)
	at Calculator.fibonacciNumberFinder(Calculator.java:49)
	at Calculator.fibonacciNumberFinder(Calculator.java:49)
	at Calculator.fibonacciNumberFinder(Calculator.java:49)
	at Calculator.fibonacciNumberFinder(Calculator.java:49)
	at Calculator.fibonacciNumberFinder(Calculator.java:49)
	at Calculator.fibonacciNumberFinder(Calculator.java:49)
	at Calculator.fibonacciNumberFinder(Calculator.java:49)
	at Calculator.fibonacciNumberFinder(Calculator.java:49)
	at Calculator.fibonacciNumberFinder(Calculator.java:49)
	at Calculator.fibonacciNumberFinder(Calculator.java:49)
	at Calculator.fibonacciNumberFinder(Calculator.java:49)
	at Calculator.fibonacciNumberFinder(Calculator.java:49)
	at Calculator.fibonacciNumberFinder(Calculator.java:49)
	at Calculator.fibonacciNumberFinder(Calculator.java:49)
	at Calculator.fibonacciNumberFinder(Calculator.java:49)
	at Calculator.fibonacciNumberFinder(Calculator.java:49)
	at Calculator.fibonacciNumberFinder(Calculator.java:49)
	at Calculator.fibonacciNumberFinder(Calculator.java:49)
	at Calculator.fibonacciNumberFinder(Calculator.java:49)
	at Calculator.fibonacciNumberFinder(Calculator.java:49)
	at Calculator.fibonacciNumberFinder(Calculator.java:49)
	at Calculator.fibonacciNumberFinder(Calculator.java:49)
	at Calculator.fibonacciNumberFinder(Calculator.java:49)
	at Calculator.fibonacciNumberFinder(Calculator.java:49)
	at Calculator.fibonacciNumberFinder(Calculator.java:49)
	at Calculator.fibonacciNumberFinder(Calculator.java:49)
	at Calculator.fibonacciNumberFinder(Calculator.java:49)
	at Calculator.fibonacciNumberFinder(Calculator.java:49)
	at Calculator.fibonacciNumberFinder(Calculator.java:49)
	at Calculator.fibonacciNumberFinder(Calculator.java:49)
	at Calculator.fibonacciNumberFinder(Calculator.java:49)
	at Calculator.fibonacciNumberFinder(Calculator.java:49)
	at Calculator.fibonacciNumberFinder(Calculator.java:49)
	at Calculator.fibonacciNumberFinder(Calculator.java:49)
	at Calculator.fibonacciNumberFinder(Calculator.java:49)
	at Calculator.fibonacciNumberFinder(Calculator.java:49)
	at Calculator.fibonacciNumberFinder(Calculator.java:49)
	at Calculator.fibonacciNumberFinder(Calculator.java:49)
	at Calculator.fibonacciNumberFinder(Calculator.java:49)
	at Calculator.fibonacciNumberFinder(Calculator.java:49)
	at Calculator.fibonacciNumberFinder(Calculator.java:49)
	at Calculator.fibonacciNumberFinder(Calculator.java:49)
	at Calculator.fibonacciNumberFinder(Calculator.java:49)
	at Calculator.fibonacciNumberFinder(Calculator.java:49)
	at Calculator.fibonacciNumberFinder(Calculator.java:49)
	at Calculator.fibonacciNumberFinder(Calculator.java:49)
	at Calculator.fibonacciNumberFinder(Calculator.java:49)
	at Calculator.fibonacciNumberFinder(Calculator.java:49)
	at Calculator.fibonacciNumberFinder(Calculator.java:49)
	at Calculator.fibonacciNumberFinder(Calculator.java:49)
	at Calculator.fibonacciNumberFinder(Calculator.java:49)
	at Calculator.fibonacciNumberFinder(Calculator.java:49)
	at Calculator.fibonacciNumberFinder(Calculator.java:49)
	at Calculator.fibonacciNumberFinder(Calculator.java:49)
	at Calculator.fibonacciNumberFinder(Calculator.java:49)
	at Calculator.fibonacciNumberFinder(Calculator.java:49)
	at Calculator.fibonacciNumberFinder(Calculator.java:49)
	at Calculator.fibonacciNumberFinder(Calculator.java:49)
	at Calculator.fibonacciNumberFinder(Calculator.java:49)
	at Calculator.fibonacciNumberFinder(Calculator.java:49)
	at Calculator.fibonacciNumberFinder(Calculator.java:49)
	at Calculator.fibonacciNumberFinder(Calculator.java:49)
	at Calculator.fibonacciNumberFinder(Calculator.java:49)
	at Calculator.fibonacciNumberFinder(Calculator.java:49)
	at Calculator.fibonacciNumberFinder(Calculator.java:49)
	at Calculator.fibonacciNumberFinder(Calculator.java:49)
	at Calculator.fibonacciNumberFinder(Calculator.java:49)
	at Calculator.fibonacciNumberFinder(Calculator.java:49)
	at Calculator.fibonacciNumberFinder(Calculator.java:49)
	at Calculator.fibonacciNumberFinder(Calculator.java:49)
	at Calculator.fibonacciNumberFinder(Calculator.java:49)
	at Calculator.fibonacciNumberFinder(Calculator.java:49)
	at Calculator.fibonacciNumberFinder(Calculator.java:49)
	at Calculator.fibonacciNumberFinder(Calculator.java:49)
	at Calculator.fibonacciNumberFinder(Calculator.java:49)
	at Calculator.fibonacciNumberFinder(Calculator.java:49)
	at Calculator.fibonacciNumberFinder(Calculator.java:49)
	at Calculator.fibonacciNumberFinder(Calculator.java:49)
	at Calculator.fibonacciNumberFinder(Calculator.java:49)
	at Calculator.fibonacciNumberFinder(Calculator.java:49)
	at Calculator.fibonacciNumberFinder(Calculator.java:49)
	at Calculator.fibonacciNumberFinder(Calculator.java:49)
	at Calculator.fibonacciNumberFinder(Calculator.java:49)
	at Calculator.fibonacciNumberFinder(Calculator.java:49)
	at Calculator.fibonacciNumberFinder(Calculator.java:49)
	at Calculator.fibonacciNumberFinder(Calculator.java:49)
	at Calculator.fibonacciNumberFinder(Calculator.java:49)
	at Calculator.fibonacciNumberFinder(Calculator.java:49)
	at Calculator.fibonacciNumberFinder(Calculator.java:49)
	at Calculator.fibonacciNumberFinder(Calculator.java:49)
	at Calculator.fibonacciNumberFinder(Calculator.java:49)
	at Calculator.fibonacciNumberFinder(Calculator.java:49)
	at Calculator.fibonacciNumberFinder(Calculator.java:49)
	at Calculator.fibonacciNumberFinder(Calculator.java:49)
	at Calculator.fibonacciNumberFinder(Calculator.java:49)
	at Calculator.fibonacciNumberFinder(Calculator.java:49)
	at Calculator.fibonacciNumberFinder(Calculator.java:49)
	at Calculator.fibonacciNumberFinder(Calculator.java:49)
	at Calculator.fibonacciNumberFinder(Calculator.java:49)
	at Calculator.fibonacciNumberFinder(Calculator.java:49)
	at Calculator.fibonacciNumberFinder(Calculator.java:49)
	at Calculator.fibonacciNumberFinder(Calculator.java:49)
	at Calculator.fibonacciNumberFinder(Calculator.java:49)
	at Calculator.fibonacciNumberFinder(Calculator.java:49)
	at Calculator.fibonacciNumberFinder(Calculator.java:49)
	at Calculator.fibonacciNumberFinder(Calculator.java:49)
	at Calculator.fibonacciNumberFinder(Calculator.java:49)
	at Calculator.fibonacciNumberFinder(Calculator.java:49)
	at Calculator.fibonacciNumberFinder(Calculator.java:49)
	at Calculator.fibonacciNumberFinder(Calculator.java:49)
	at Calculator.fibonacciNumberFinder(Calculator.java:49)
	at Calculator.fibonacciNumberFinder(Calculator.java:49)
	at Calculator.fibonacciNumberFinder(Calculator.java:49)
	at Calculator.fibonacciNumberFinder(Calculator.java:49)
	at Calculator.fibonacciNumberFinder(Calculator.java:49)
	at Calculator.fibonacciNumberFinder(Calculator.java:49)
	at Calculator.fibonacciNumberFinder(Calculator.java:49)
	at Calculator.fibonacciNumberFinder(Calculator.java:49)
	at Calculator.fibonacciNumberFinder(Calculator.java:49)
	at Calculator.fibonacciNumberFinder(Calculator.java:49)
	at Calculator.fibonacciNumberFinder(Calculator.java:49)
	at Calculator.fibonacciNumberFinder(Calculator.java:49)
	at Calculator.fibonacciNumberFinder(Calculator.java:49)
	at Calculator.fibonacciNumberFinder(Calculator.java:49)
	at Calculator.fibonacciNumberFinder(Calculator.java:49)
	at Calculator.fibonacciNumberFinder(Calculator.java:49)
	at Calculator.fibonacciNumberFinder(Calculator.java:49)
	at Calculator.fibonacciNumberFinder(Calculator.java:49)
	at Calculator.fibonacciNumberFinder(Calculator.java:49)
	at Calculator.fibonacciNumberFinder(Calculator.java:49)
	at Calculator.fibonacciNumberFinder(Calculator.java:49)
	at Calculator.fibonacciNumberFinder(Calculator.java:49)
	at Calculator.fibonacciNumberFinder(Calculator.java:49)
	at Calculator.fibonacciNumberFinder(Calculator.java:49)
	at Calculator.fibonacciNumberFinder(Calculator.java:49)
	at Calculator.fibonacciNumberFinder(Calculator.java:49)
	at Calculator.fibonacciNumberFinder(Calculator.java:49)
	at Calculator.fibonacciNumberFinder(Calculator.java:49)
	at Calculator.fibonacciNumberFinder(Calculator.java:49)
	at Calculator.fibonacciNumberFinder(Calculator.java:49)
	at Calculator.fibonacciNumberFinder(Calculator.java:49)
	at Calculator.fibonacciNumberFinder(Calculator.java:49)
	at Calculator.fibonacciNumberFinder(Calculator.java:49)
	at Calculator.fibonacciNumberFinder(Calculator.java:49)
	at Calculator.fibonacciNumberFinder(Calculator.java:49)
	at Calculator.fibonacciNumberFinder(Calculator.java:49)
	at Calculator.fibonacciNumberFinder(Calculator.java:49)
	at Calculator.fibonacciNumberFinder(Calculator.java:49)
	at Calculator.fibonacciNumberFinder(Calculator.java:49)
	at Calculator.fibonacciNumberFinder(Calculator.java:49)
	at Calculator.fibonacciNumberFinder(Calculator.java:49)
	at Calculator.fibonacciNumberFinder(Calculator.java:49)
	at Calculator.fibonacciNumberFinder(Calculator.java:49)
	at Calculator.fibonacciNumberFinder(Calculator.java:49)
	at Calculator.fibonacciNumberFinder(Calculator.java:49)
	at Calculator.fibonacciNumberFinder(Calculator.java:49)
	at Calculator.fibonacciNumberFinder(Calculator.java:49)
	at Calculator.fibonacciNumberFinder(Calculator.java:49)
	at Calculator.fibonacciNumberFinder(Calculator.java:49)
	at Calculator.fibonacciNumberFinder(Calculator.java:49)
	at Calculator.fibonacciNumberFinder(Calculator.java:49)
	at Calculator.fibonacciNumberFinder(Calculator.java:49)
	at Calculator.fibonacciNumberFinder(Calculator.java:49)
	at Calculator.fibonacciNumberFinder(Calculator.java:49)
	at Calculator.fibonacciNumberFinder(Calculator.java:49)
	at Calculator.fibonacciNumberFinder(Calculator.java:49)
	at Calculator.fibonacciNumberFinder(Calculator.java:49)
	at Calculator.fibonacciNumberFinder(Calculator.java:49)
	at Calculator.fibonacciNumberFinder(Calculator.java:49)
	at Calculator.fibonacciNumberFinder(Calculator.java:49)
	at Calculator.fibonacciNumberFinder(Calculator.java:49)
	at Calculator.fibonacciNumberFinder(Calculator.java:49)
	at Calculator.fibonacciNumberFinder(Calculator.java:49)
	at Calculator.fibonacciNumberFinder(Calculator.java:49)
	at Calculator.fibonacciNumberFinder(Calculator.java:49)
	at Calculator.fibonacciNumberFinder(Calculator.java:49)
	at Calculator.fibonacciNumberFinder(Calculator.java:49)
	at Calculator.fibonacciNumberFinder(Calculator.java:49)
	at Calculator.fibonacciNumberFinder(Calculator.java:49)
	at Calculator.fibonacciNumberFinder(Calculator.java:49)
	at Calculator.fibonacciNumberFinder(Calculator.java:49)
	at Calculator.fibonacciNumberFinder(Calculator.java:49)
	at Calculator.fibonacciNumberFinder(Calculator.java:49)
	at Calculator.fibonacciNumberFinder(Calculator.java:49)
	at Calculator.fibonacciNumberFinder(Calculator.java:49)
	at Calculator.fibonacciNumberFinder(Calculator.java:49)
	at Calculator.fibonacciNumberFinder(Calculator.java:49)
	at Calculator.fibonacciNumberFinder(Calculator.java:49)
	at Calculator.fibonacciNumberFinder(Calculator.java:49)
	at Calculator.fibonacciNumberFinder(Calculator.java:49)
	at Calculator.fibonacciNumberFinder(Calculator.java:49)
	at Calculator.fibonacciNumberFinder(Calculator.java:49)
	at Calculator.fibonacciNumberFinder(Calculator.java:49)
	at Calculator.fibonacciNumberFinder(Calculator.java:49)
	at Calculator.fibonacciNumberFinder(Calculator.java:49)
	at Calculator.fibonacciNumberFinder(Calculator.java:49)
	at Calculator.fibonacciNumberFinder(Calculator.java:49)
	at Calculator.fibonacciNumberFinder(Calculator.java:49)
	at Calculator.fibonacciNumberFinder(Calculator.java:49)
	at Calculator.fibonacciNumberFinder(Calculator.java:49)
	at Calculator.fibonacciNumberFinder(Calculator.java:49)
	at Calculator.fibonacciNumberFinder(Calculator.java:49)
	at Calculator.fibonacciNumberFinder(Calculator.java:49)
	at Calculator.fibonacciNumberFinder(Calculator.java:49)
	at Calculator.fibonacciNumberFinder(Calculator.java:49)
	at Calculator.fibonacciNumberFinder(Calculator.java:49)
	at Calculator.fibonacciNumberFinder(Calculator.java:49)
	at Calculator.fibonacciNumberFinder(Calculator.java:49)
	at Calculator.fibonacciNumberFinder(Calculator.java:49)
	at Calculator.fibonacciNumberFinder(Calculator.java:49)
	at Calculator.fibonacciNumberFinder(Calculator.java:49)
	at Calculator.fibonacciNumberFinder(Calculator.java:49)
	at Calculator.fibonacciNumberFinder(Calculator.java:49)
	at Calculator.fibonacciNumberFinder(Calculator.java:49)
	at Calculator.fibonacciNumberFinder(Calculator.java:49)
	at Calculator.fibonacciNumberFinder(Calculator.java:49)
	at Calculator.fibonacciNumberFinder(Calculator.java:49)
	at Calculator.fibonacciNumberFinder(Calculator.java:49)
	at Calculator.fibonacciNumberFinder(Calculator.java:49)
	at Calculator.fibonacciNumberFinder(Calculator.java:49)
	at Calculator.fibonacciNumberFinder(Calculator.java:49)
	at Calculator.fibonacciNumberFinder(Calculator.java:49)
	at Calculator.fibonacciNumberFinder(Calculator.java:49)
	at Calculator.fibonacciNumberFinder(Calculator.java:49)
	at Calculator.fibonacciNumberFinder(Calculator.java:49)
	at Calculator.fibonacciNumberFinder(Calculator.java:49)
	at Calculator.fibonacciNumberFinder(Calculator.java:49)
	at Calculator.fibonacciNumberFinder(Calculator.java:49)
	at Calculator.fibonacciNumberFinder(Calculator.java:49)
	at Calculator.fibonacciNumberFinder(Calculator.java:49)
	at Calculator.fibonacciNumberFinder(Calculator.java:49)
	at Calculator.fibonacciNumberFinder(Calculator.java:49)
	at Calculator.fibonacciNumberFinder(Calculator.java:49)
	at Calculator.fibonacciNumberFinder(Calculator.java:49)
	at Calculator.fibonacciNumberFinder(Calculator.java:49)
	at Calculator.fibonacciNumberFinder(Calculator.java:49)
	at Calculator.fibonacciNumberFinder(Calculator.java:49)
	at Calculator.fibonacciNumberFinder(Calculator.java:49)
	at Calculator.fibonacciNumberFinder(Calculator.java:49)
	at Calculator.fibonacciNumberFinder(Calculator.java:49)
	at Calculator.fibonacciNumberFinder(Calculator.java:49)
	at Calculator.fibonacciNumberFinder(Calculator.java:49)
	at Calculator.fibonacciNumberFinder(Calculator.java:49)
	at Calculator.fibonacciNumberFinder(Calculator.java:49)
	at Calculator.fibonacciNumberFinder(Calculator.java:49)
	at Calculator.fibonacciNumberFinder(Calculator.java:49)
	at Calculator.fibonacciNumberFinder(Calculator.java:49)
	at Calculator.fibonacciNumberFinder(Calculator.java:49)
	at Calculator.fibonacciNumberFinder(Calculator.java:49)
	at Calculator.fibonacciNumberFinder(Calculator.java:49)
	at Calculator.fibonacciNumberFinder(Calculator.java:49)
	at Calculator.fibonacciNumberFinder(Calculator.java:49)
	at Calculator.fibonacciNumberFinder(Calculator.java:49)
	at Calculator.fibonacciNumberFinder(Calculator.java:49)
	at Calculator.fibonacciNumberFinder(Calculator.java:49)
	at Calculator.fibonacciNumberFinder(Calculator.java:49)
	at Calculator.fibonacciNumberFinder(Calculator.java:49)
	at Calculator.fibonacciNumberFinder(Calculator.java:49)
	at Calculator.fibonacciNumberFinder(Calculator.java:49)
	at Calculator.fibonacciNumberFinder(Calculator.java:49)
	at Calculator.fibonacciNumberFinder(Calculator.java:49)
	at Calculator.fibonacciNumberFinder(Calculator.java:49)
	at Calculator.fibonacciNumberFinder(Calculator.java:49)
	at Calculator.fibonacciNumberFinder(Calculator.java:49)
	at Calculator.fibonacciNumberFinder(Calculator.java:49)
	at Calculator.fibonacciNumberFinder(Calculator.java:49)
	at Calculator.fibonacciNumberFinder(Calculator.java:49)
	at Calculator.fibonacciNumberFinder(Calculator.java:49)
	at Calculator.fibonacciNumberFinder(Calculator.java:49)
	at Calculator.fibonacciNumberFinder(Calculator.java:49)
	at Calculator.fibonacciNumberFinder(Calculator.java:49)
	at Calculator.fibonacciNumberFinder(Calculator.java:49)
	at Calculator.fibonacciNumberFinder(Calculator.java:49)
	at Calculator.fibonacciNumberFinder(Calculator.java:49)
	at Calculator.fibonacciNumberFinder(Calculator.java:49)
	at Calculator.fibonacciNumberFinder(Calculator.java:49)
	at Calculator.fibonacciNumberFinder(Calculator.java:49)
	at Calculator.fibonacciNumberFinder(Calculator.java:49)
	at Calculator.fibonacciNumberFinder(Calculator.java:49)
	at Calculator.fibonacciNumberFinder(Calculator.java:49)
	at Calculator.fibonacciNumberFinder(Calculator.java:49)
	at Calculator.fibonacciNumberFinder(Calculator.java:49)
	at Calculator.fibonacciNumberFinder(Calculator.java:49)
	at Calculator.fibonacciNumberFinder(Calculator.java:49)
	at Calculator.fibonacciNumberFinder(Calculator.java:49)
	at Calculator.fibonacciNumberFinder(Calculator.java:49)
	at Calculator.fibonacciNumberFinder(Calculator.java:49)
	at Calculator.fibonacciNumberFinder(Calculator.java:49)
	at Calculator.fibonacciNumberFinder(Calculator.java:49)
	at Calculator.fibonacciNumberFinder(Calculator.java:49)
	at Calculator.fibonacciNumberFinder(Calculator.java:49)
	at Calculator.fibonacciNumberFinder(Calculator.java:49)
	at Calculator.fibonacciNumberFinder(Calculator.java:49)
	at Calculator.fibonacciNumberFinder(Calculator.java:49)
	at Calculator.fibonacciNumberFinder(Calculator.java:49)
	at Calculator.fibonacciNumberFinder(Calculator.java:49)
	at Calculator.fibonacciNumberFinder(Calculator.java:49)
	at Calculator.fibonacciNumberFinder(Calculator.java:49)
	at Calculator.fibonacciNumberFinder(Calculator.java:49)
	at Calculator.fibonacciNumberFinder(Calculator.java:49)
	at Calculator.fibonacciNumberFinder(Calculator.java:49)
	at Calculator.fibonacciNumberFinder(Calculator.java:49)
	at Calculator.fibonacciNumberFinder(Calculator.java:49)
	at Calculator.fibonacciNumberFinder(Calculator.java:49)
	at Calculator.fibonacciNumberFinder(Calculator.java:49)
	at Calculator.fibonacciNumberFinder(Calculator.java:49)
	at Calculator.fibonacciNumberFinder(Calculator.java:49)
	at Calculator.fibonacciNumberFinder(Calculator.java:49)
	at Calculator.fibonacciNumberFinder(Calculator.java:49)
	at Calculator.fibonacciNumberFinder(Calculator.java:49)
	at Calculator.fibonacciNumberFinder(Calculator.java:49)
	at Calculator.fibonacciNumberFinder(Calculator.java:49)
	at Calculator.fibonacciNumberFinder(Calculator.java:49)
	at Calculator.fibonacciNumberFinder(Calculator.java:49)
	at Calculator.fibonacciNumberFinder(Calculator.java:49)
	at Calculator.fibonacciNumberFinder(Calculator.java:49)
	at Calculator.fibonacciNumberFinder(Calculator.java:49)
	at Calculator.fibonacciNumberFinder(Calculator.java:49)
	at Calculator.fibonacciNumberFinder(Calculator.java:49)
	at Calculator.fibonacciNumberFinder(Calculator.java:49)
	at Calculator.fibonacciNumberFinder(Calculator.java:49)
	at Calculator.fibonacciNumberFinder(Calculator.java:49)
	at Calculator.fibonacciNumberFinder(Calculator.java:49)
	at Calculator.fibonacciNumberFinder(Calculator.java:49)
	at Calculator.fibonacciNumberFinder(Calculator.java:49)
	at Calculator.fibonacciNumberFinder(Calculator.java:49)
	at Calculator.fibonacciNumberFinder(Calculator.java:49)
	at Calculator.fibonacciNumberFinder(Calculator.java:49)
	at Calculator.fibonacciNumberFinder(Calculator.java:49)
	at Calculator.fibonacciNumberFinder(Calculator.java:49)
	at Calculator.fibonacciNumberFinder(Calculator.java:49)
	at Calculator.fibonacciNumberFinder(Calculator.java:49)
	at Calculator.fibonacciNumberFinder(Calculator.java:49)
	at Calculator.fibonacciNumberFinder(Calculator.java:49)
	at Calculator.fibonacciNumberFinder(Calculator.java:49)
	at Calculator.fibonacciNumberFinder(Calculator.java:49)
	at Calculator.fibonacciNumberFinder(Calculator.java:49)
	at Calculator.fibonacciNumberFinder(Calculator.java:49)
	at Calculator.fibonacciNumberFinder(Calculator.java:49)
	at Calculator.fibonacciNumberFinder(Calculator.java:49)
	at Calculator.fibonacciNumberFinder(Calculator.java:49)
	at Calculator.fibonacciNumberFinder(Calculator.java:49)
	at Calculator.fibonacciNumberFinder(Calculator.java:49)
	at Calculator.fibonacciNumberFinder(Calculator.java:49)
	at Calculator.fibonacciNumberFinder(Calculator.java:49)
	at Calculator.fibonacciNumberFinder(Calculator.java:49)
	at Calculator.fibonacciNumberFinder(Calculator.java:49)
	at Calculator.fibonacciNumberFinder(Calculator.java:49)
	at Calculator.fibonacciNumberFinder(Calculator.java:49)
	at Calculator.fibonacciNumberFinder(Calculator.java:49)
	at Calculator.fibonacciNumberFinder(Calculator.java:49)
	at Calculator.fibonacciNumberFinder(Calculator.java:49)
	at Calculator.fibonacciNumberFinder(Calculator.java:49)
	at Calculator.fibonacciNumberFinder(Calculator.java:49)
	at Calculator.fibonacciNumberFinder(Calculator.java:49)
	at Calculator.fibonacciNumberFinder(Calculator.java:49)
	at Calculator.fibonacciNumberFinder(Calculator.java:49)
	at Calculator.fibonacciNumberFinder(Calculator.java:49)
	at Calculator.fibonacciNumberFinder(Calculator.java:49)
	at Calculator.fibonacciNumberFinder(Calculator.java:49)
	at Calculator.fibonacciNumberFinder(Calculator.java:49)
	at Calculator.fibonacciNumberFinder(Calculator.java:49)
	at Calculator.fibonacciNumberFinder(Calculator.java:49)
	at Calculator.fibonacciNumberFinder(Calculator.java:49)
	at Calculator.fibonacciNumberFinder(Calculator.java:49)
	at Calculator.fibonacciNumberFinder(Calculator.java:49)
	at Calculator.fibonacciNumberFinder(Calculator.java:49)
	at Calculator.fibonacciNumberFinder(Calculator.java:49)
	at Calculator.fibonacciNumberFinder(Calculator.java:49)
	at Calculator.fibonacciNumberFinder(Calculator.java:49)
	at Calculator.fibonacciNumberFinder(Calculator.java:49)
	at Calculator.fibonacciNumberFinder(Calculator.java:49)
	at Calculator.fibonacciNumberFinder(Calculator.java:49)
	at Calculator.fibonacciNumberFinder(Calculator.java:49)
	at Calculator.fibonacciNumberFinder(Calculator.java:49)
	at Calculator.fibonacciNumberFinder(Calculator.java:49)
	at Calculator.fibonacciNumberFinder(Calculator.java:49)
	at Calculator.fibonacciNumberFinder(Calculator.java:49)
	at Calculator.fibonacciNumberFinder(Calculator.java:49)
	at Calculator.fibonacciNumberFinder(Calculator.java:49)
	at Calculator.fibonacciNumberFinder(Calculator.java:49)
	at Calculator.fibonacciNumberFinder(Calculator.java:49)
	at Calculator.fibonacciNumberFinder(Calculator.java:49)
	at Calculator.fibonacciNumberFinder(Calculator.java:49)
	at Calculator.fibonacciNumberFinder(Calculator.java:49)
	at Calculator.fibonacciNumberFinder(Calculator.java:49)
	at Calculator.fibonacciNumberFinder(Calculator.java:49)
	at Calculator.fibonacciNumberFinder(Calculator.java:49)
	at Calculator.fibonacciNumberFinder(Calculator.java:49)
	at Calculator.fibonacciNumberFinder(Calculator.java:49)
	at Calculator.fibonacciNumberFinder(Calculator.java:49)
	at Calculator.fibonacciNumberFinder(Calculator.java:49)
	at Calculator.fibonacciNumberFinder(Calculator.java:49)
	at Calculator.fibonacciNumberFinder(Calculator.java:49)
	at Calculator.fibonacciNumberFinder(Calculator.java:49)
	at Calculator.fibonacciNumberFinder(Calculator.java:49)
	at Calculator.fibonacciNumberFinder(Calculator.java:49)
	at Calculator.fibonacciNumberFinder(Calculator.java:49)
	at Calculator.fibonacciNumberFinder(Calculator.java:49)
	at Calculator.fibonacciNumberFinder(Calculator.java:49)
	at Calculator.fibonacciNumberFinder(Calculator.java:49)
	at Calculator.fibonacciNumberFinder(Calculator.java:49)
	at Calculator.fibonacciNumberFinder(Calculator.java:49)
	at Calculator.fibonacciNumberFinder(Calculator.java:49)
	at Calculator.fibonacciNumberFinder(Calculator.java:49)
	at Calculator.fibonacciNumberFinder(Calculator.java:49)
	at Calculator.fibonacciNumberFinder(Calculator.java:49)
	at Calculator.fibonacciNumberFinder(Calculator.java:49)
	at Calculator.fibonacciNumberFinder(Calculator.java:49)
	at Calculator.fibonacciNumberFinder(Calculator.java:49)
	at Calculator.fibonacciNumberFinder(Calculator.java:49)
	at Calculator.fibonacciNumberFinder(Calculator.java:49)
	at Calculator.fibonacciNumberFinder(Calculator.java:49)
	at Calculator.fibonacciNumberFinder(Calculator.java:49)
	at Calculator.fibonacciNumberFinder(Calculator.java:49)
	at Calculator.fibonacciNumberFinder(Calculator.java:49)
	at Calculator.fibonacciNumberFinder(Calculator.java:49)
	at Calculator.fibonacciNumberFinder(Calculator.java:49)
	at Calculator.fibonacciNumberFinder(Calculator.java:49)
	at Calculator.fibonacciNumberFinder(Calculator.java:49)
	at Calculator.fibonacciNumberFinder(Calculator.java:49)
	at Calculator.fibonacciNumberFinder(Calculator.java:49)
	at Calculator.fibonacciNumberFinder(Calculator.java:49)
	at Calculator.fibonacciNumberFinder(Calculator.java:49)
	at Calculator.fibonacciNumberFinder(Calculator.java:49)
	at Calculator.fibonacciNumberFinder(Calculator.java:49)
	at Calculator.fibonacciNumberFinder(Calculator.java:49)
	at Calculator.fibonacciNumberFinder(Calculator.java:49)
	at Calculator.fibonacciNumberFinder(Calculator.java:49)
	at Calculator.fibonacciNumberFinder(Calculator.java:49)
	at Calculator.fibonacciNumberFinder(Calculator.java:49)
	at Calculator.fibonacciNumberFinder(Calculator.java:49)
	at Calculator.fibonacciNumberFinder(Calculator.java:49)
	at Calculator.fibonacciNumberFinder(Calculator.java:49)
	at Calculator.fibonacciNumberFinder(Calculator.java:49)
	at Calculator.fibonacciNumberFinder(Calculator.java:49)
	at Calculator.fibonacciNumberFinder(Calculator.java:49)
	at Calculator.fibonacciNumberFinder(Calculator.java:49)
	at Calculator.fibonacciNumberFinder(Calculator.java:49)
	at Calculator.fibonacciNumberFinder(Calculator.java:49)
	at Calculator.fibonacciNumberFinder(Calculator.java:49)
	at Calculator.fibonacciNumberFinder(Calculator.java:49)
	at Calculator.fibonacciNumberFinder(Calculator.java:49)
	at Calculator.fibonacciNumberFinder(Calculator.java:49)
	at Calculator.fibonacciNumberFinder(Calculator.java:49)
	at Calculator.fibonacciNumberFinder(Calculator.java:49)
	at Calculator.fibonacciNumberFinder(Calculator.java:49)
	at Calculator.fibonacciNumberFinder(Calculator.java:49)
	at Calculator.fibonacciNumberFinder(Calculator.java:49)
	at Calculator.fibonacciNumberFinder(Calculator.java:49)
	at Calculator.fibonacciNumberFinder(Calculator.java:49)
	at Calculator.fibonacciNumberFinder(Calculator.java:49)
	at Calculator.fibonacciNumberFinder(Calculator.java:49)
	at Calculator.fibonacciNumberFinder(Calculator.java:49)
	at Calculator.fibonacciNumberFinder(Calculator.java:49)
	at Calculator.fibonacciNumberFinder(Calculator.java:49)
	at Calculator.fibonacciNumberFinder(Calculator.java:49)
	at Calculator.fibonacciNumberFinder(Calculator.java:49)
	at Calculator.fibonacciNumberFinder(Calculator.java:49)
	at Calculator.fibonacciNumberFinder(Calculator.java:49)
	at Calculator.fibonacciNumberFinder(Calculator.java:49)
	at Calculator.fibonacciNumberFinder(Calculator.java:49)
	at Calculator.fibonacciNumberFinder(Calculator.java:49)
	at Calculator.fibonacciNumberFinder(Calculator.java:49)
	at Calculator.fibonacciNumberFinder(Calculator.java:49)
	at Calculator.fibonacciNumberFinder(Calculator.java:49)
	at Calculator.fibonacciNumberFinder(Calculator.java:49)
	at Calculator.fibonacciNumberFinder(Calculator.java:49)
	at Calculator.fibonacciNumberFinder(Calculator.java:49)
	at Calculator.fibonacciNumberFinder(Calculator.java:49)
	at Calculator.fibonacciNumberFinder(Calculator.java:49)
	at Calculator.fibonacciNumberFinder(Calculator.java:49)
	at Calculator.fibonacciNumberFinder(Calculator.java:49)
	at Calculator.fibonacciNumberFinder(Calculator.java:49)
	at Calculator.fibonacciNumberFinder(Calculator.java:49)
	at Calculator.fibonacciNumberFinder(Calculator.java:49)
	at Calculator.fibonacciNumberFinder(Calculator.java:49)
	at Calculator.fibonacciNumberFinder(Calculator.java:49)
	at Calculator.fibonacciNumberFinder(Calculator.java:49)
	at Calculator.fibonacciNumberFinder(Calculator.java:49)
	at Calculator.fibonacciNumberFinder(Calculator.java:49)
	at Calculator.fibonacciNumberFinder(Calculator.java:49)
	at Calculator.fibonacciNumberFinder(Calculator.java:49)
	at Calculator.fibonacciNumberFinder(Calculator.java:49)
	at Calculator.fibonacciNumberFinder(Calculator.java:49)
	at Calculator.fibonacciNumberFinder(Calculator.java:49)
	at Calculator.fibonacciNumberFinder(Calculator.java:49)
	at Calculator.fibonacciNumberFinder(Calculator.java:49)
	at Calculator.fibonacciNumberFinder(Calculator.java:49)
	at Calculator.fibonacciNumberFinder(Calculator.java:49)
	at Calculator.fibonacciNumberFinder(Calculator.java:49)
	at Calculator.fibonacciNumberFinder(Calculator.java:49)
	at Calculator.fibonacciNumberFinder(Calculator.java:49)
	at Calculator.fibonacciNumberFinder(Calculator.java:49)
	at Calculator.fibonacciNumberFinder(Calculator.java:49)
	at Calculator.fibonacciNumberFinder(Calculator.java:49)
	at Calculator.fibonacciNumberFinder(Calculator.java:49)
	at Calculator.fibonacciNumberFinder(Calculator.java:49)
	at Calculator.fibonacciNumberFinder(Calculator.java:49)
	at Calculator.fibonacciNumberFinder(Calculator.java:49)
	at Calculator.fibonacciNumberFinder(Calculator.java:49)
	at Calculator.fibonacciNumberFinder(Calculator.java:49)
	at Calculator.fibonacciNumberFinder(Calculator.java:49)
	at Calculator.fibonacciNumberFinder(Calculator.java:49)
	at Calculator.fibonacciNumberFinder(Calculator.java:49)
	at Calculator.fibonacciNumberFinder(Calculator.java:49)
	at Calculator.fibonacciNumberFinder(Calculator.java:49)
	at Calculator.fibonacciNumberFinder(Calculator.java:49)
	at Calculator.fibonacciNumberFinder(Calculator.java:49)
	at Calculator.fibonacciNumberFinder(Calculator.java:49)
	at Calculator.fibonacciNumberFinder(Calculator.java:49)
	at Calculator.fibonacciNumberFinder(Calculator.java:49)
	at Calculator.fibonacciNumberFinder(Calculator.java:49)
	at Calculator.fibonacciNumberFinder(Calculator.java:49)
	at Calculator.fibonacciNumberFinder(Calculator.java:49)
	at Calculator.fibonacciNumberFinder(Calculator.java:49)
	at Calculator.fibonacciNumberFinder(Calculator.java:49)
	at Calculator.fibonacciNumberFinder(Calculator.java:49)
	at Calculator.fibonacciNumberFinder(Calculator.java:49)
	at Calculator.fibonacciNumberFinder(Calculator.java:49)
	at Calculator.fibonacciNumberFinder(Calculator.java:49)
	at Calculator.fibonacciNumberFinder(Calculator.java:49)
	at Calculator.fibonacciNumberFinder(Calculator.java:49)
	at Calculator.fibonacciNumberFinder(Calculator.java:49)
	at Calculator.fibonacciNumberFinder(Calculator.java:49)
	at Calculator.fibonacciNumberFinder(Calculator.java:49)
	at Calculator.fibonacciNumberFinder(Calculator.java:49)
	at Calculator.fibonacciNumberFinder(Calculator.java:49)
	at Calculator.fibonacciNumberFinder(Calculator.java:49)
	at Calculator.fibonacciNumberFinder(Calculator.java:49)
	at Calculator.fibonacciNumberFinder(Calculator.java:49)
	at Calculator.fibonacciNumberFinder(Calculator.java:49)
	at Calculator.fibonacciNumberFinder(Calculator.java:49)
	at Calculator.fibonacciNumberFinder(Calculator.java:49)

